app/build/outputs/mapping/release/seeds.txt
com.jerries.expense.MainActivityViewModel
com.jerries.expense.core.backup.BackupPayload$Companion
com.jerries.expense.feature.addtransaction.AddTransactionViewModel
com.jerries.expense.JerriesExpenseApplication_GeneratedInjector
com.jerries.expense.feature.settings.SettingsViewModel
com.jerries.expense.feature.accounts.AccountsViewModel
com.jerries.expense.JerriesExpenseApplication
com.jerries.expense.core.backup.BackupAccount$Companion
com.jerries.expense.data.local.database.ExpenseDatabase
com.jerries.expense.core.backup.BackupMetadata$Companion
com.jerries.expense.feature.dashboard.DashboardViewModel
com.jerries.expense.core.backup.BackupTransaction$Companion
com.jerries.expense.feature.analytics.AnalyticsViewModel
com.jerries.expense.feature.transactions.TransactionsViewModel
com.jerries.expense.feature.categories.CategoriesViewModel
com.jerries.expense.feature.budgets.BudgetsViewModel
com.jerries.expense.core.backup.BackupCategory$Companion
com.jerries.expense.MainActivity
com.jerries.expense.data.local.database.ExpenseDatabase_Impl
com.jerries.expense.MainActivity_GeneratedInjector
com.jerries.expense.core.backup.BackupCategory: com.jerries.expense.core.backup.BackupCategory$Companion Companion
com.jerries.expense.core.navigation.AddTransactionRoute: com.jerries.expense.core.navigation.AddTransactionRoute INSTANCE
com.jerries.expense.core.backup.BackupMetadata: com.jerries.expense.core.backup.BackupMetadata$Companion Companion
com.jerries.expense.core.backup.BackupMetadata$$serializer: kotlinx.serialization.descriptors.SerialDescriptor descriptor
com.jerries.expense.core.navigation.SettingsRoute: com.jerries.expense.core.navigation.SettingsRoute INSTANCE
com.jerries.expense.core.navigation.AnalyticsRoute: com.jerries.expense.core.navigation.AnalyticsRoute INSTANCE
com.jerries.expense.core.navigation.TransactionsRoute: com.jerries.expense.core.navigation.TransactionsRoute INSTANCE
com.jerries.expense.core.backup.BackupTransaction$$serializer: kotlinx.serialization.descriptors.SerialDescriptor descriptor
com.jerries.expense.core.navigation.CategoriesRoute: com.jerries.expense.core.navigation.CategoriesRoute INSTANCE
com.jerries.expense.core.navigation.AccountsRoute: com.jerries.expense.core.navigation.AccountsRoute INSTANCE
com.jerries.expense.core.backup.BackupAccount$$serializer: kotlinx.serialization.descriptors.SerialDescriptor descriptor
com.jerries.expense.core.navigation.DashboardRoute: com.jerries.expense.core.navigation.DashboardRoute INSTANCE
com.jerries.expense.core.backup.BackupCategory$$serializer: kotlinx.serialization.descriptors.SerialDescriptor descriptor
com.jerries.expense.core.backup.BackupPayload: com.jerries.expense.core.backup.BackupPayload$Companion Companion
com.jerries.expense.core.navigation.BackupRoute: com.jerries.expense.core.navigation.BackupRoute INSTANCE
com.jerries.expense.core.navigation.BudgetsRoute: com.jerries.expense.core.navigation.BudgetsRoute INSTANCE
com.jerries.expense.core.backup.BackupPayload$$serializer: kotlinx.serialization.descriptors.SerialDescriptor descriptor
com.jerries.expense.core.backup.BackupTransaction: com.jerries.expense.core.backup.BackupTransaction$Companion Companion
com.jerries.expense.core.backup.BackupAccount: com.jerries.expense.core.backup.BackupAccount$Companion Companion
com.jerries.expense.core.designsystem.component.AmountTint: com.jerries.expense.core.designsystem.component.AmountTint valueOf(java.lang.String)
com.jerries.expense.core.navigation.BudgetsRoute: kotlinx.serialization.KSerializer serializer()
com.jerries.expense.domain.model.AccountType: com.jerries.expense.domain.model.AccountType[] values()
com.jerries.expense.domain.model.CategoryKind: com.jerries.expense.domain.model.CategoryKind[] values()
com.jerries.expense.data.local.database.ExpenseDatabase_Impl: ExpenseDatabase_Impl()
com.jerries.expense.domain.model.CategoryKind: com.jerries.expense.domain.model.CategoryKind valueOf(java.lang.String)
...
kotlinx.coroutines.CancelledContinuation: int _resumed$volatile
kotlinx.coroutines.scheduling.CoroutineScheduler: long parkedWorkersStack$volatile
androidx.concurrent.futures.AbstractResolvableFuture$Waiter: androidx.concurrent.futures.AbstractResolvableFuture$Waiter next
androidx.datastore.preferences.PreferencesProto$Value: int DOUBLE_FIELD_NUMBER
kotlinx.coroutines.android.HandlerDispatcherKt: android.view.Choreographer choreographer
kotlinx.coroutines.scheduling.CoroutineScheduler$Worker: int workerCtl$volatile
kotlinx.coroutines.scheduling.WorkQueue: int blockingTasksInBuffer$volatile
androidx.datastore.preferences.PreferencesProto$Value: int BYTES_FIELD_NUMBER
androidx.lifecycle.Lifecycle$Event: androidx.lifecycle.Lifecycle$Event ON_RESUME
kotlinx.coroutines.internal.DispatchedContinuation: java.lang.Object _reusableCancellableContinuation$volatile
kotlinx.coroutines.channels.BufferedChannel: long completedExpandBuffersAndPauseFlag$volatile
androidx.navigation.NavBackStackEntryState: android.os.Parcelable$Creator CREATOR
androidx.datastore.preferences.PreferencesProto$StringSet: androidx.datastore.preferences.protobuf.Parser PARSER
androidx.work.impl.utils.futures.AbstractFuture: androidx.work.impl.utils.futures.AbstractFuture$Listener listeners
androidx.datastore.preferences.PreferencesProto$Value: int LONG_FIELD_NUMBER
kotlinx.coroutines.CompletedExceptionally: int _handled$volatile
kotlinx.coroutines.EventLoopImplBase: int _isCompleted$volatile
androidx.datastore.preferences.PreferencesProto$Value: int valueCase_
androidx.datastore.preferences.PreferencesProto$Value: java.lang.Object value_
kotlinx.coroutines.internal.LockFreeLinkedListNode: java.lang.Object _removedRef$volatile
androidx.datastore.preferences.protobuf.GeneratedMessageLite: int UNINITIALIZED_HASH_CODE
kotlinx.coroutines.scheduling.WorkQueue: java.lang.Object lastScheduledTask$volatile
androidx.datastore.preferences.protobuf.GeneratedMessageLite: int MUTABLE_FLAG_MASK
androidx.concurrent.futures.AbstractResolvableFuture: java.lang.Object value
kotlinx.coroutines.internal.LockFreeTaskQueueCore: long _state$volatile
androidx.datastore.preferences.PreferencesProto$StringSet: androidx.datastore.preferences.PreferencesProto$StringSet DEFAULT_INSTANCE
kotlinx.coroutines.internal.LimitedDispatcher: int runningWorkers$volatile
kotlinx.coroutines.scheduling.CoroutineScheduler$Worker: java.lang.Object nextParkedWorker
androidx.datastore.preferences.PreferencesProto$PreferenceMap: androidx.datastore.preferences.protobuf.MapFieldLite preferences_
androidx.datastore.preferences.PreferencesProto$Value: int BOOLEAN_FIELD_NUMBER
androidx.compose.ui.platform.AndroidComposeView: void setOnViewTreeOwnersAvailable(kotlin.jvm.functions.Function1)
androidx.work.impl.utils.futures.DirectExecutor: androidx.work.impl.utils.futures.DirectExecutor valueOf(java.lang.String)
androidx.core.view.WindowInsetsCompat$Impl30: androidx.core.graphics.Insets getInsets(int)
androidx.compose.ui.platform.RenderNodeVerificationHelper28: int getSpotShadowColor(android.view.RenderNode)
androidx.compose.ui.platform.coreshims.ContentCaptureSessionCompat$Api29Impl: android.view.ViewStructure newVirtualViewStructure(android.view.contentcapture.ContentCaptureSession,android.view.autofill.AutofillId,long)
kotlin.time.DurationUnit: kotlin.time.DurationUnit valueOf(java.lang.String)
androidx.compose.ui.graphics.layer.RenderNodeVerificationHelper28: int getAmbientShadowColor(android.view.RenderNode)
androidx.core.view.WindowInsetsCompat$Impl: void setStableInsets(androidx.core.graphics.Insets)
androidx.lifecycle.EmptyActivityLifecycleCallbacks: void onActivityDestroyed(android.app.Activity)
androidx.compose.ui.platform.ViewLayerVerificationHelper28: void setOutlineSpotShadowColor(android.view.View,int)
androidx.compose.foundation.layout.Direction: androidx.compose.foundation.layout.Direction[] values()