app/build/outputs/mapping/release/usage.txt
com.jerries.expense.DaggerJerriesExpenseApplication_HiltComponents_SingletonC$ActivityCImpl:
    public dagger.hilt.android.internal.builders.FragmentComponentBuilder fragmentComponentBuilder()
    public dagger.hilt.android.internal.builders.ViewComponentBuilder viewComponentBuilder()
com.jerries.expense.DaggerJerriesExpenseApplication_HiltComponents_SingletonC$FragmentCBuilder
com.jerries.expense.DaggerJerriesExpenseApplication_HiltComponents_SingletonC$FragmentCImpl
com.jerries.expense.DaggerJerriesExpenseApplication_HiltComponents_SingletonC$ServiceCBuilder
com.jerries.expense.DaggerJerriesExpenseApplication_HiltComponents_SingletonC$ServiceCImpl
com.jerries.expense.DaggerJerriesExpenseApplication_HiltComponents_SingletonC$SingletonCImpl:
    public java.util.Set getDisableFragmentGetContextFix()
    public dagger.hilt.android.internal.builders.ServiceComponentBuilder serviceComponentBuilder()
com.jerries.expense.DaggerJerriesExpenseApplication_HiltComponents_SingletonC$ViewCBuilder
com.jerries.expense.DaggerJerriesExpenseApplication_HiltComponents_SingletonC$ViewCImpl
com.jerries.expense.DaggerJerriesExpenseApplication_HiltComponents_SingletonC$ViewWithFragmentCBuilder
com.jerries.expense.DaggerJerriesExpenseApplication_HiltComponents_SingletonC$ViewWithFragmentCImpl
com.jerries.expense.DaggerJerriesExpenseApplication_HiltComponents_SingletonC:
    private void <init>()
com.jerries.expense.Hilt_JerriesExpenseApplication:
    public synthetic bridge dagger.hilt.internal.GeneratedComponentManager componentManager()
com.jerries.expense.Hilt_MainActivity:
    void <init>(int)
    public synthetic bridge dagger.hilt.internal.GeneratedComponentManager componentManager()
com.jerries.expense.JerriesExpenseApplication:
    public static synthetic void getApplicationScope$annotations()
    public final void setApplicationScope(kotlinx.coroutines.CoroutineScope)
    public final void setInitializeAppData(com.jerries.expense.domain.usecase.InitializeAppDataUseCase)
    public final void setWorkerFactory(androidx.hilt.work.HiltWorkerFactory)
com.jerries.expense.JerriesExpenseApplication_ComponentTreeDeps
com.jerries.expense.JerriesExpenseApplication_HiltComponents$ActivityC$Builder
com.jerries.expense.JerriesExpenseApplication_HiltComponents$ActivityCBuilderModule
com.jerries.expense.JerriesExpenseApplication_HiltComponents$ActivityRetainedC$Builder
com.jerries.expense.JerriesExpenseApplication_HiltComponents$ActivityRetainedCBuilderModule
com.jerries.expense.JerriesExpenseApplication_HiltComponents$FragmentC$Builder
com.jerries.expense.JerriesExpenseApplication_HiltComponents$FragmentC
com.jerries.expense.JerriesExpenseApplication_HiltComponents$FragmentCBuilderModule
com.jerries.expense.JerriesExpenseApplication_HiltComponents$ServiceC$Builder
com.jerries.expense.JerriesExpenseApplication_HiltComponents$ServiceC
com.jerries.expense.JerriesExpenseApplication_HiltComponents$ServiceCBuilderModule
com.jerries.expense.JerriesExpenseApplication_HiltComponents$ViewC$Builder
com.jerries.expense.JerriesExpenseApplication_HiltComponents$ViewC
com.jerries.expense.JerriesExpenseApplication_HiltComponents$ViewCBuilderModule
com.jerries.expense.JerriesExpenseApplication_HiltComponents$ViewModelC$Builder
com.jerries.expense.JerriesExpenseApplication_HiltComponents$ViewModelCBuilderModule
com.jerries.expense.JerriesExpenseApplication_HiltComponents$ViewWithFragmentC$Builder
com.jerries.expense.JerriesExpenseApplication_HiltComponents$ViewWithFragmentC
com.jerries.expense.JerriesExpenseApplication_HiltComponents$ViewWithFragmentCBuilderModule
com.jerries.expense.JerriesExpenseApplication_HiltComponents
...
androidx.compose.material.icons.outlined.DeckKt
androidx.compose.material.icons.outlined.DehazeKt
androidx.compose.material.icons.outlined.DeleteForeverKt
androidx.compose.material.icons.outlined.DeleteKt
androidx.compose.material.icons.outlined.DeleteOutlineKt
androidx.compose.material.icons.outlined.DeleteSweepKt
androidx.compose.material.icons.outlined.DeliveryDiningKt
androidx.compose.material.icons.outlined.DensityLargeKt
androidx.compose.material.icons.outlined.DensityMediumKt
androidx.compose.material.icons.outlined.DensitySmallKt
androidx.compose.material.icons.outlined.DepartureBoardKt
androidx.compose.material.icons.outlined.DescriptionKt
androidx.compose.material.icons.outlined.DeselectKt
androidx.compose.material.icons.outlined.DesignServicesKt
androidx.compose.material.icons.outlined.DeskKt
androidx.compose.material.icons.outlined.DesktopAccessDisabledKt
androidx.compose.material.icons.outlined.DesktopMacKt
androidx.compose.material.icons.outlined.DesktopWindowsKt
androidx.compose.material.icons.outlined.DetailsKt
androidx.compose.material.icons.outlined.DeveloperBoardKt
androidx.compose.material.icons.outlined.DeveloperBoardOffKt
androidx.compose.material.icons.outlined.DeveloperModeKt
androidx.compose.material.icons.outlined.DeviceHubKt
androidx.compose.material.icons.outlined.DeviceThermostatKt
androidx.compose.material.icons.outlined.DeviceUnknownKt
androidx.compose.material.icons.outlined.DevicesFoldKt
androidx.compose.material.icons.outlined.DevicesKt
androidx.compose.material.icons.outlined.DevicesOtherKt
androidx.compose.material.icons.outlined.DialerSipKt
androidx.compose.material.icons.outlined.DialpadKt
androidx.compose.material.icons.outlined.DiamondKt
androidx.compose.material.icons.outlined.DifferenceKt
androidx.compose.material.icons.outlined.DiningKt
androidx.compose.material.icons.outlined.DinnerDiningKt
androidx.compose.material.icons.outlined.DirectionsBikeKt
androidx.compose.material.icons.outlined.DirectionsBoatFilledKt
androidx.compose.material.icons.outlined.DirectionsBoatKt
androidx.compose.material.icons.outlined.DirectionsBusFilledKt
androidx.compose.material.icons.outlined.DirectionsBusKt
androidx.compose.material.icons.outlined.DirectionsCarFilledKt
androidx.compose.material.icons.outlined.DirectionsCarKt
androidx.compose.material.icons.outlined.DirectionsKt
androidx.compose.material.icons.outlined.DirectionsOffKt
androidx.compose.material.icons.outlined.DirectionsRailwayFilledKt
androidx.compose.material.icons.outlined.DirectionsRailwayKt
androidx.compose.material.icons.outlined.DirectionsRunKt
androidx.compose.material.icons.outlined.DirectionsSubwayFilledKt
androidx.compose.material.icons.outlined.DirectionsSubwayKt
androidx.compose.material.icons.outlined.DirectionsTransitFilledKt
androidx.compose.material.icons.outlined.DirectionsTransitKt
androidx.compose.material.icons.outlined.DirectionsWalkKt
androidx.compose.material.icons.outlined.DirtyLensKt
androidx.compose.material.icons.outlined.DisabledByDefaultKt
androidx.compose.material.icons.outlined.DisabledVisibleKt
androidx.compose.material.icons.outlined.DiscFullKt
androidx.compose.material.icons.outlined.DiscountKt
androidx.compose.material.icons.outlined.DisplaySettingsKt
androidx.compose.material.icons.outlined.Diversity1Kt
androidx.compose.material.icons.outlined.Diversity2Kt
androidx.compose.material.icons.outlined.Diversity3Kt
androidx.compose.material.icons.outlined.DnsKt
androidx.compose.material.icons.outlined.DoDisturbAltKt
androidx.compose.material.icons.outlined.DoDisturbKt
androidx.compose.material.icons.outlined.DoDisturbOffKt
androidx.compose.material.icons.outlined.DoDisturbOnKt
androidx.compose.material.icons.outlined.DoNotDisturbAltKt
androidx.compose.material.icons.outlined.DoNotDisturbKt
androidx.compose.material.icons.outlined.DoNotDisturbOffKt
androidx.compose.material.icons.outlined.DoNotDisturbOnKt
androidx.compose.material.icons.outlined.DoNotDisturbOnTotalSilenceKt